<?xml version="1.0" encoding="UTF-8"?>
<!-- Generated by org.testng.reporters.JUnitXMLReporter -->
<testsuite hostname="DESKTOP-OL5560M" ignored="0" name="Test" tests="2" failures="0" timestamp="04 Jan 2020 16:08:06 GMT" time="16.686" errors="0">
  <testcase name="Verify_PARA_BANK_logo_is_present_with_the_caption" time="4.827" classname="ParaBank.TestCases.HomePage_TC01"/>
  <testcase name="TitleOfThePageClickingOnPARABANKlogo" time="5.366" classname="ParaBank.TestCases.HomePage_TC02"/>
</testsuite> <!-- Test -->
