<?xml version="1.0" encoding="UTF-8"?>
<testng-results skipped="0" failed="0" ignored="0" total="2" passed="2">
  <reporter-output>
    <line>
      <![CDATA[----Browser Session Started----]]>
    </line>
    <line>
      <![CDATA[----Browser Session Started----]]>
    </line>
    <line>
      <![CDATA[=====Browser Session End=====]]>
    </line>
    <line>
      <![CDATA[=====Browser Session End=====]]>
    </line>
  </reporter-output>
  <suite name="Suite" duration-ms="16686" started-at="2020-01-04T16:07:49Z" finished-at="2020-01-04T16:08:06Z">
    <groups>
    </groups>
    <test name="Test" duration-ms="16686" started-at="2020-01-04T16:07:49Z" finished-at="2020-01-04T16:08:06Z">
      <class name="ParaBank.TestCases.HomePage_TC02">
        <test-method status="PASS" signature="setupApplication()[pri:0, instance:ParaBank.TestCases.HomePage_TC02@6500df86]" name="setupApplication" is-config="true" duration-ms="10569" started-at="2020-01-04T16:07:49Z" finished-at="2020-01-04T16:08:00Z">
          <reporter-output>
            <line>
              <![CDATA[----Browser Session Started----]]>
            </line>
          </reporter-output>
        </test-method> <!-- setupApplication -->
        <test-method status="PASS" signature="TitleOfThePageClickingOnPARABANKlogo()[pri:0, instance:ParaBank.TestCases.HomePage_TC02@6500df86]" name="TitleOfThePageClickingOnPARABANKlogo" duration-ms="5366" started-at="2020-01-04T16:08:00Z" finished-at="2020-01-04T16:08:05Z">
          <reporter-output>
          </reporter-output>
        </test-method> <!-- TitleOfThePageClickingOnPARABANKlogo -->
        <test-method status="PASS" signature="afterMethod()[pri:0, instance:ParaBank.TestCases.HomePage_TC02@6500df86]" name="afterMethod" is-config="true" duration-ms="0" started-at="2020-01-04T16:08:05Z" finished-at="2020-01-04T16:08:05Z">
          <reporter-output>
          </reporter-output>
        </test-method> <!-- afterMethod -->
        <test-method status="PASS" signature="closeApplication()[pri:0, instance:ParaBank.TestCases.HomePage_TC02@6500df86]" name="closeApplication" is-config="true" duration-ms="679" started-at="2020-01-04T16:08:05Z" finished-at="2020-01-04T16:08:06Z">
          <reporter-output>
            <line>
              <![CDATA[=====Browser Session End=====]]>
            </line>
          </reporter-output>
        </test-method> <!-- closeApplication -->
      </class> <!-- ParaBank.TestCases.HomePage_TC02 -->
      <class name="ParaBank.TestCases.HomePage_TC01">
        <test-method status="PASS" signature="setupApplication()[pri:0, instance:ParaBank.TestCases.HomePage_TC01@42dafa95]" name="setupApplication" is-config="true" duration-ms="10572" started-at="2020-01-04T16:07:49Z" finished-at="2020-01-04T16:08:00Z">
          <reporter-output>
            <line>
              <![CDATA[----Browser Session Started----]]>
            </line>
          </reporter-output>
        </test-method> <!-- setupApplication -->
        <test-method status="PASS" signature="Verify_PARA_BANK_logo_is_present_with_the_caption()[pri:0, instance:ParaBank.TestCases.HomePage_TC01@42dafa95]" name="Verify_PARA_BANK_logo_is_present_with_the_caption" duration-ms="4827" started-at="2020-01-04T16:08:00Z" finished-at="2020-01-04T16:08:05Z">
          <reporter-output>
          </reporter-output>
        </test-method> <!-- Verify_PARA_BANK_logo_is_present_with_the_caption -->
        <test-method status="PASS" signature="afterMethod()[pri:0, instance:ParaBank.TestCases.HomePage_TC01@42dafa95]" name="afterMethod" is-config="true" duration-ms="1" started-at="2020-01-04T16:08:05Z" finished-at="2020-01-04T16:08:05Z">
          <reporter-output>
          </reporter-output>
        </test-method> <!-- afterMethod -->
        <test-method status="PASS" signature="closeApplication()[pri:0, instance:ParaBank.TestCases.HomePage_TC01@42dafa95]" name="closeApplication" is-config="true" duration-ms="651" started-at="2020-01-04T16:08:05Z" finished-at="2020-01-04T16:08:05Z">
          <reporter-output>
            <line>
              <![CDATA[=====Browser Session End=====]]>
            </line>
          </reporter-output>
        </test-method> <!-- closeApplication -->
      </class> <!-- ParaBank.TestCases.HomePage_TC01 -->
    </test> <!-- Test -->
  </suite> <!-- Suite -->
</testng-results>
