<?xml version="1.0" encoding="UTF-8"?>
<!-- Generated by org.testng.reporters.JUnitXMLReporter -->
<testsuite hostname="DESKTOP-OL5560M" ignored="0" name="CheckPrice" tests="3" failures="0" timestamp="19 Mar 2019 16:08:50 GMT" time="25.147" errors="0">
  <testcase name="getMinimumPriceDetails" time="4.685" classname="QAProject.TravelYaari.TestCases.FindBusWithMinPrice"/>
  <testcase name="getMaximumPriceDetails" time="4.635" classname="QAProject.TravelYaari.TestCases.FindBusWithMaxPrice"/>
  <testcase name="selectDate" time="13.764" classname="QAProject.TravelYaari.TestCases.ChangeFromDateValidation"/>
</testsuite> <!-- CheckPrice -->
