<?xml version="1.0" encoding="UTF-8"?>
<!-- Generated by org.testng.reporters.JUnitXMLReporter -->
<testsuite hostname="DESKTOP-OL5560M" ignored="0" name="CheckPrice" tests="2" failures="0" timestamp="16 Mar 2019 14:46:09 GMT" time="7.647" errors="0">
  <testcase name="getMinimumPriceDetails" time="6.354" classname="QAProject.TravelYaari.TestCases.FindBusWithMinPrice"/>
  <testcase name="getMaximumPriceDetails" time="6.752" classname="QAProject.TravelYaari.TestCases.FindBusWithMaxPrice"/>
</testsuite> <!-- CheckPrice -->
